Build started 1/25/2015 5:19:12 PM.
     1>Project "C:\Users\Sunil\documents\visual studio 2013\Projects\cpp-algorithms\cpp-algorithms\cpp-algorithms.vcxproj" on node 2 (Build target(s)).
     1>ClCompile:
         C:\Microsoft Visual Studio 12.0\VC\bin\CL.exe /c /ZI /nologo /W3 /WX- /sdl /Od /Oy- /D _MBCS /Gm /EHsc /RTC1 /MDd /GS /fp:precise /Zc:wchar_t /Zc:forScope /Fo"Debug\\" /Fd"Debug\vc120.pdb" /Gd /TP /analyze- /errorReport:prompt LongestNegativeSequence.cpp LongestPositiveSequence.cpp
         LongestPositiveSequence.cpp
     1>c:\users\sunil\documents\visual studio 2013\projects\cpp-algorithms\cpp-algorithms\longestpositivesequence.cpp(9): warning C4018: '<' : signed/unsigned mismatch
         LongestNegativeSequence.cpp
     1>c:\users\sunil\documents\visual studio 2013\projects\cpp-algorithms\cpp-algorithms\longestnegativesequence.cpp(9): warning C4018: '<' : signed/unsigned mismatch
         Generating Code...
       Link:
         C:\Microsoft Visual Studio 12.0\VC\bin\link.exe /ERRORREPORT:PROMPT /OUT:"C:\Users\Sunil\documents\visual studio 2013\Projects\cpp-algorithms\Debug\cpp-algorithms.exe" /INCREMENTAL /NOLOGO kernel32.lib user32.lib gdi32.lib winspool.lib comdlg32.lib advapi32.lib shell32.lib ole32.lib oleaut32.lib uuid.lib odbc32.lib odbccp32.lib /MANIFEST /MANIFESTUAC:"level='asInvoker' uiAccess='false'" /manifest:embed /DEBUG /PDB:"C:\Users\Sunil\documents\visual studio 2013\Projects\cpp-algorithms\Debug\cpp-algorithms.pdb" /TLBID:1 /DYNAMICBASE /NXCOMPAT /IMPLIB:"C:\Users\Sunil\documents\visual studio 2013\Projects\cpp-algorithms\Debug\cpp-algorithms.lib" /MACHINE:X86 "Debug\cpp-algorithms.res"
         Debug\LongestIncreasingNegativeSequence.obj
         Debug\LongestPositiveSequence.obj
         Debug\main.obj
         Debug\LongestIncreasingSequence.obj
         Debug\LongestIncreasingPositiveSequence.obj
         Debug\LongestNegativeSequence.obj
         cpp-algorithms.vcxproj -> C:\Users\Sunil\documents\visual studio 2013\Projects\cpp-algorithms\Debug\cpp-algorithms.exe
     1>Done Building Project "C:\Users\Sunil\documents\visual studio 2013\Projects\cpp-algorithms\cpp-algorithms\cpp-algorithms.vcxproj" (Build target(s)).

Build succeeded.

Time Elapsed 00:00:00.89
